<?xml version="1.0" encoding="UTF-8" ?>
<testsuite tests="10" failures="2" name="mc437.jbehave.AcceptanceTestSuite" time="16.383" errors="0" skipped="4">
  <properties>
[...]
</properties>
  <testcase classname="java.lang.Object" name="BeforeStories" time="0.014"/>
  <testcase classname="mc437.jbehave.DefinitionSteps" name="Given the user is on the initial page" time="6.814"/>
  <testcase classname="mc437.jbehave.DefinitionSteps" name="Given the user is receptionist or doctor" time="0.792">
    <failure type="java.lang.AssertionError">java.lang.AssertionError
	at mc437.jbehave.DefinitionSteps.givenTheUserIsReceptionistOrDoctor(DefinitionSteps.java:22)
	at sun.reflect.NativeMethodAccessorImpl.invoke0(Native Method)
	at sun.reflect.NativeMethodAccessorImpl.invoke(NativeMethodAccessorImpl.java:62)
	at sun.reflect.DelegatingMethodAccessorImpl.invoke(DelegatingMethodAccessorImpl.java:43)
	at java.lang.reflect.Method.invoke(Method.java:483)
	at org.jbehave.core.steps.StepCreator$ParametrisedStep.perform(StepCreator.java:595)
	at org.jbehave.core.embedder.StoryRunner$FineSoFar.run(StoryRunner.java:535)
	at org.jbehave.core.embedder.StoryRunner.runStepsWhileKeepingState(StoryRunner.java:515)
	at org.jbehave.core.embedder.StoryRunner.runScenarioSteps(StoryRunner.java:479)
	at org.jbehave.core.embedder.StoryRunner.runStepsWithLifecycle(StoryRunner.java:445)
	at org.jbehave.core.embedder.StoryRunner.runCancellable(StoryRunner.java:305)
	at org.jbehave.core.embedder.StoryRunner.run(StoryRunner.java:220)
	at org.jbehave.core.embedder.StoryRunner.run(StoryRunner.java:181)
	at org.jbehave.core.embedder.StoryManager$EnqueuedStory.call(StoryManager.java:235)
	at org.jbehave.core.embedder.StoryManager$EnqueuedStory.call(StoryManager.java:207)
	at java.util.concurrent.FutureTask.run(FutureTask.java:266)
	at java.util.concurrent.ThreadPoolExecutor.runWorker(ThreadPoolExecutor.java:1142)
	at java.util.concurrent.ThreadPoolExecutor$Worker.run(ThreadPoolExecutor.java:617)
	at java.lang.Thread.run(Thread.java:745)
</failure>
    <system-out>Given the user is receptionist or doctor (FAILED)
(java.lang.AssertionError)
</system-out>
    <system-err>8470 [pool-1-thread-1] INFO net.thucydides.core.steps.StepInterceptor - STARTING STEP: is_receptionist
8704 [pool-1-thread-1] INFO net.thucydides.core.steps.StepInterceptor - STEP DONE: is_receptionist
8811 [pool-1-thread-1] INFO net.thucydides.core.steps.StepInterceptor - STARTING STEP: is_doctor
8962 [pool-1-thread-1] INFO net.thucydides.core.steps.StepInterceptor - STEP DONE: is_doctor
</system-err>
  </testcase>
  <testcase classname="mc437.jbehave.DefinitionSteps" name="When the user click the insert pacient button" time="0.93">
    <skipped/>
  </testcase>
  <testcase classname="mc437.jbehave.DefinitionSteps" name="Then they should see a form to enter the pacient data" time="1.096">
    <skipped/>
  </testcase>
  <testcase classname="mc437.jbehave.DefinitionSteps" name="Given the user is on the initial page\u200B" time="2.046"/>
  <testcase classname="mc437.jbehave.DefinitionSteps" name="Given the user is receptionist or doctor\u200B" time="0.74">
    <failure type="java.lang.AssertionError">java.lang.AssertionError
	at mc437.jbehave.DefinitionSteps.givenTheUserIsReceptionistOrDoctor(DefinitionSteps.java:22)
	at sun.reflect.NativeMethodAccessorImpl.invoke0(Native Method)
	at sun.reflect.NativeMethodAccessorImpl.invoke(NativeMethodAccessorImpl.java:62)
	at sun.reflect.DelegatingMethodAccessorImpl.invoke(DelegatingMethodAccessorImpl.java:43)
	at java.lang.reflect.Method.invoke(Method.java:483)
	at org.jbehave.core.steps.StepCreator$ParametrisedStep.perform(StepCreator.java:595)
	at org.jbehave.core.embedder.StoryRunner$FineSoFar.run(StoryRunner.java:535)
	at org.jbehave.core.embedder.StoryRunner.runStepsWhileKeepingState(StoryRunner.java:515)
	at org.jbehave.core.embedder.StoryRunner.runScenarioSteps(StoryRunner.java:479)
	at org.jbehave.core.embedder.StoryRunner.runStepsWithLifecycle(StoryRunner.java:445)
	at org.jbehave.core.embedder.StoryRunner.runCancellable(StoryRunner.java:305)
	at org.jbehave.core.embedder.StoryRunner.run(StoryRunner.java:220)
	at org.jbehave.core.embedder.StoryRunner.run(StoryRunner.java:181)
	at org.jbehave.core.embedder.StoryManager$EnqueuedStory.call(StoryManager.java:235)
	at org.jbehave.core.embedder.StoryManager$EnqueuedStory.call(StoryManager.java:207)
	at java.util.concurrent.FutureTask.run(FutureTask.java:266)
	at java.util.concurrent.ThreadPoolExecutor.runWorker(ThreadPoolExecutor.java:1142)
	at java.util.concurrent.ThreadPoolExecutor$Worker.run(ThreadPoolExecutor.java:617)
	at java.lang.Thread.run(Thread.java:745)
</failure>
    <system-out>Given the user is receptionist or doctor (FAILED)
(java.lang.AssertionError)
</system-out>
    <system-err>12115 [pool-1-thread-1] INFO net.thucydides.core.steps.StepInterceptor - STARTING STEP: is_receptionist
12254 [pool-1-thread-1] INFO net.thucydides.core.steps.StepInterceptor - STEP DONE: is_receptionist
12386 [pool-1-thread-1] INFO net.thucydides.core.steps.StepInterceptor - STARTING STEP: is_doctor
12533 [pool-1-thread-1] INFO net.thucydides.core.steps.StepInterceptor - STEP DONE: is_doctor
</system-err>
  </testcase>
  <testcase classname="mc437.jbehave.DefinitionSteps" name="When the user looks up a pacient name \&apos;$name\&apos;" time="0.875">
    <skipped/>
  </testcase>
  <testcase classname="mc437.jbehave.DefinitionSteps" name="Then they should see the pacient data" time="1.003">
    <skipped/>
  </testcase>
  <testcase classname="java.lang.Object" name="AfterStories" time="2.652"/>
</testsuite>